2025-10-06 09:35:26,819 INFO o.a.j.u.JMeterUtils: Setting Locale to en_EN
2025-10-06 09:35:26,865 INFO o.a.j.JMeter: Loading user properties from: C:\apache-jmeter-5.6.3\apache-jmeter-5.6.3\bin\user.properties
2025-10-06 09:35:26,867 INFO o.a.j.JMeter: Loading system properties from: C:\apache-jmeter-5.6.3\apache-jmeter-5.6.3\bin\system.properties
2025-10-06 09:35:26,881 INFO o.a.j.JMeter: Copyright (c) 1998-2024 The Apache Software Foundation
2025-10-06 09:35:26,881 INFO o.a.j.JMeter: Version 5.6.3
2025-10-06 09:35:26,881 INFO o.a.j.JMeter: java.version=17.0.12
2025-10-06 09:35:26,882 INFO o.a.j.JMeter: java.vm.name=Java HotSpot(TM) 64-Bit Server VM
2025-10-06 09:35:26,882 INFO o.a.j.JMeter: os.name=Windows 10
2025-10-06 09:35:26,882 INFO o.a.j.JMeter: os.arch=amd64
2025-10-06 09:35:26,882 INFO o.a.j.JMeter: os.version=10.0
2025-10-06 09:35:26,882 INFO o.a.j.JMeter: file.encoding=Cp1252
2025-10-06 09:35:26,882 INFO o.a.j.JMeter: java.awt.headless=true
2025-10-06 09:35:26,882 INFO o.a.j.JMeter: Max memory     =1073741824
2025-10-06 09:35:26,882 INFO o.a.j.JMeter: Available Processors =4
2025-10-06 09:35:26,905 INFO o.a.j.JMeter: Default Locale=English (EN)
2025-10-06 09:35:26,905 INFO o.a.j.JMeter: JMeter  Locale=English (EN)
2025-10-06 09:35:26,905 INFO o.a.j.JMeter: JMeterHome=C:\apache-jmeter-5.6.3\apache-jmeter-5.6.3
2025-10-06 09:35:26,905 INFO o.a.j.JMeter: user.dir  =C:\Users\BRIAN\Documents\PRUEBA AUTOMATIZADOR QA\JMETER
2025-10-06 09:35:26,906 INFO o.a.j.JMeter: PWD       =C:\Users\BRIAN\Documents\PRUEBA AUTOMATIZADOR QA\JMETER
2025-10-06 09:35:26,909 INFO o.a.j.JMeter: IP: 192.168.0.3 Name: DESKTOP-JC4QU3O FullName: DESKTOP-JC4QU3O
2025-10-06 09:35:26,940 INFO o.a.j.JMeter: Setting property 'jmeter.reportgenerator.outputdir' to:'C:\Users\BRIAN\Documents\PRUEBA AUTOMATIZADOR QA\JMETER\reporte_petstore'
2025-10-06 09:35:26,945 INFO o.a.j.s.FileServer: Default base='C:\Users\BRIAN\Documents\PRUEBA AUTOMATIZADOR QA\JMETER'
2025-10-06 09:35:26,950 INFO o.a.j.s.FileServer: Set new base='C:\Users\BRIAN\Documents\PRUEBA AUTOMATIZADOR QA\JMETER'
2025-10-06 09:35:27,375 INFO o.a.j.s.SaveService: Testplan (JMX) version: 2.2. Testlog (JTL) version: 2.2
2025-10-06 09:35:27,432 INFO o.a.j.s.SaveService: Using SaveService properties version 5.0
2025-10-06 09:35:27,437 INFO o.a.j.s.SaveService: Using SaveService properties file encoding UTF-8
2025-10-06 09:35:27,442 INFO o.a.j.s.SaveService: Loading file: SwaggerPetstoreStressTest.jmx
2025-10-06 09:35:27,515 INFO o.a.j.p.h.s.HTTPSamplerBase: Parser for text/html is org.apache.jmeter.protocol.http.parser.LagartoBasedHtmlParser
2025-10-06 09:35:27,515 INFO o.a.j.p.h.s.HTTPSamplerBase: Parser for application/xhtml+xml is org.apache.jmeter.protocol.http.parser.LagartoBasedHtmlParser
2025-10-06 09:35:27,515 INFO o.a.j.p.h.s.HTTPSamplerBase: Parser for application/xml is org.apache.jmeter.protocol.http.parser.LagartoBasedHtmlParser
2025-10-06 09:35:27,515 INFO o.a.j.p.h.s.HTTPSamplerBase: Parser for text/xml is org.apache.jmeter.protocol.http.parser.LagartoBasedHtmlParser
2025-10-06 09:35:27,515 INFO o.a.j.p.h.s.HTTPSamplerBase: Parser for text/vnd.wap.wml is org.apache.jmeter.protocol.http.parser.RegexpHTMLParser
2025-10-06 09:35:27,515 INFO o.a.j.p.h.s.HTTPSamplerBase: Parser for text/css is org.apache.jmeter.protocol.http.parser.CssParser
2025-10-06 09:35:27,558 INFO o.a.j.JMeter: Creating summariser <summary>
2025-10-06 09:35:27,569 INFO o.a.j.r.d.ReportGenerator: ReportGenerator will use for Parsing the separator: ','
2025-10-06 09:35:27,570 INFO o.a.j.r.d.ReportGenerator: Will generate report at end of test from  results file: resultados_petstore.jtl
2025-10-06 09:35:27,570 INFO o.a.j.r.d.ReportGenerator: Reading report generator properties from: C:\apache-jmeter-5.6.3\apache-jmeter-5.6.3\bin\reportgenerator.properties
2025-10-06 09:35:27,572 INFO o.a.j.r.d.ReportGenerator: Merging with JMeter properties
2025-10-06 09:35:27,581 INFO o.a.j.r.c.ReportGeneratorConfiguration: Property 'jmeter.reportgenerator.temp_dir' not found, using default value 'temp' instead.
2025-10-06 09:35:27,585 INFO o.a.j.r.c.ReportGeneratorConfiguration: Property 'jmeter.reportgenerator.apdex_per_transaction' not found, using default value 'null' instead.
2025-10-06 09:35:27,586 INFO o.a.j.r.c.ReportGeneratorConfiguration: apdex_per_transaction is empty, not APDEX per transaction customization
2025-10-06 09:35:27,586 INFO o.a.j.r.c.ReportGeneratorConfiguration: Property 'jmeter.reportgenerator.sample_filter' not found, using default value 'null' instead.
2025-10-06 09:35:27,586 INFO o.a.j.r.c.ReportGeneratorConfiguration: Property 'jmeter.reportgenerator.report_title' not found, using default value 'null' instead.
2025-10-06 09:35:27,586 INFO o.a.j.r.c.ReportGeneratorConfiguration: Property 'jmeter.reportgenerator.start_date' not found, using default value 'null' instead.
2025-10-06 09:35:27,586 INFO o.a.j.r.c.ReportGeneratorConfiguration: Property 'jmeter.reportgenerator.end_date' not found, using default value 'null' instead.
2025-10-06 09:35:27,586 INFO o.a.j.r.c.ReportGeneratorConfiguration: Property 'jmeter.reportgenerator.date_format' not found, using default value 'null' instead.
2025-10-06 09:35:27,587 INFO o.a.j.r.c.ReportGeneratorConfiguration: Will use date range start date: null, end date: null
2025-10-06 09:35:27,595 INFO o.a.j.r.c.ReportGeneratorConfiguration: Property 'jmeter.reportgenerator.graph.totalTPS.exclude_controllers' not found, using default value 'false' instead.
2025-10-06 09:35:27,596 INFO o.a.j.r.c.ReportGeneratorConfiguration: Property 'jmeter.reportgenerator.graph.activeThreadsOverTime.exclude_controllers' not found, using default value 'false' instead.
2025-10-06 09:35:27,596 INFO o.a.j.r.c.ReportGeneratorConfiguration: Property 'jmeter.reportgenerator.graph.timeVsThreads.exclude_controllers' not found, using default value 'false' instead.
2025-10-06 09:35:27,597 INFO o.a.j.r.c.ReportGeneratorConfiguration: Property 'jmeter.reportgenerator.graph.responseTimeDistribution.exclude_controllers' not found, using default value 'false' instead.
2025-10-06 09:35:27,597 INFO o.a.j.r.c.ReportGeneratorConfiguration: Property 'jmeter.reportgenerator.graph.transactionsPerSecond.exclude_controllers' not found, using default value 'false' instead.
2025-10-06 09:35:27,597 INFO o.a.j.r.c.ReportGeneratorConfiguration: Property 'jmeter.reportgenerator.graph.responseTimePercentiles.exclude_controllers' not found, using default value 'false' instead.
2025-10-06 09:35:27,598 INFO o.a.j.r.c.ReportGeneratorConfiguration: Property 'jmeter.reportgenerator.graph.responseTimePercentilesOverTime.exclude_controllers' not found, using default value 'false' instead.
2025-10-06 09:35:27,598 INFO o.a.j.r.c.ReportGeneratorConfiguration: Property 'jmeter.reportgenerator.graph.responseTimesOverTime.exclude_controllers' not found, using default value 'false' instead.
2025-10-06 09:35:27,598 INFO o.a.j.r.c.ReportGeneratorConfiguration: Property 'jmeter.reportgenerator.graph.connectTimeOverTime.exclude_controllers' not found, using default value 'false' instead.
2025-10-06 09:35:27,599 INFO o.a.j.r.c.ReportGeneratorConfiguration: Property 'jmeter.reportgenerator.graph.latenciesOverTime.exclude_controllers' not found, using default value 'false' instead.
2025-10-06 09:35:27,600 INFO o.a.j.r.c.ReportGeneratorConfiguration: Property 'jmeter.reportgenerator.exporter.json.filters_only_sample_series' not found, using default value 'true' instead.
2025-10-06 09:35:27,601 INFO o.a.j.r.c.ReportGeneratorConfiguration: Property 'jmeter.reportgenerator.exporter.json.series_filter' not found, using default value '' instead.
2025-10-06 09:35:27,601 INFO o.a.j.r.c.ReportGeneratorConfiguration: Property 'jmeter.reportgenerator.exporter.json.show_controllers_only' not found, using default value 'false' instead.
2025-10-06 09:35:27,602 INFO o.a.j.r.c.ReportGeneratorConfiguration: Property 'jmeter.reportgenerator.exporter.html.filters_only_sample_series' not found, using default value 'true' instead.
2025-10-06 09:35:27,602 INFO o.a.j.r.c.ReportGeneratorConfiguration: Property 'jmeter.reportgenerator.exporter.html.series_filter' not found, using default value '' instead.
2025-10-06 09:35:27,602 INFO o.a.j.r.c.ReportGeneratorConfiguration: Property 'jmeter.reportgenerator.exporter.html.show_controllers_only' not found, using default value 'false' instead.
2025-10-06 09:35:27,630 INFO o.a.j.e.StandardJMeterEngine: Running the test!
2025-10-06 09:35:27,631 INFO o.a.j.s.SampleEvent: List of sample_variables: []
2025-10-06 09:35:27,631 INFO o.a.j.s.SampleEvent: List of sample_variables: []
2025-10-06 09:35:27,641 INFO o.a.j.e.u.CompoundVariable: Note: Function class names must contain the string: '.functions.'
2025-10-06 09:35:27,641 INFO o.a.j.e.u.CompoundVariable: Note: Function class names must not contain the string: '.gui.'
2025-10-06 09:35:27,816 INFO o.a.j.JMeter: Running test (1759761327816)
2025-10-06 09:35:27,846 INFO o.a.j.e.StandardJMeterEngine: Starting ThreadGroup: 1 : Thread Group
2025-10-06 09:35:27,847 INFO o.a.j.e.StandardJMeterEngine: Starting 50 threads for group Thread Group.
2025-10-06 09:35:27,847 INFO o.a.j.e.StandardJMeterEngine: Thread will continue on error
2025-10-06 09:35:27,847 INFO o.a.j.t.ThreadGroup: Starting thread group... number=1 threads=50 ramp-up=15 delayedStart=false
2025-10-06 09:35:27,862 INFO o.a.j.t.JMeterThread: Thread started: Thread Group 1-1
2025-10-06 09:35:27,899 INFO o.a.j.t.ThreadGroup: Started thread group number 1
2025-10-06 09:35:27,899 INFO o.a.j.e.StandardJMeterEngine: All thread groups have been started
2025-10-06 09:35:27,906 INFO o.a.j.p.h.s.HTTPHCAbstractImpl: Local host = DESKTOP-JC4QU3O
2025-10-06 09:35:27,917 INFO o.a.j.p.h.s.HTTPHC4Impl: HTTP request retry count = 0
2025-10-06 09:35:27,920 INFO o.a.j.s.SampleResult: Note: Sample TimeStamps are START times
2025-10-06 09:35:27,920 INFO o.a.j.s.SampleResult: sampleresult.default.encoding is set to UTF-8
2025-10-06 09:35:27,920 INFO o.a.j.s.SampleResult: sampleresult.useNanoTime=true
2025-10-06 09:35:27,920 INFO o.a.j.s.SampleResult: sampleresult.nanoThreadSleep=5000
2025-10-06 09:35:28,155 INFO o.a.j.t.JMeterThread: Thread started: Thread Group 1-2
2025-10-06 09:35:28,336 INFO o.a.j.p.h.s.h.LazyLayeredConnectionSocketFactory: Setting up HTTPS TrustAll Socket Factory
2025-10-06 09:35:28,349 INFO o.a.j.u.JsseSSLManager: Using default SSL protocol: TLS
2025-10-06 09:35:28,350 INFO o.a.j.u.JsseSSLManager: SSL session context: per-thread
2025-10-06 09:35:28,452 INFO o.a.j.t.JMeterThread: Thread started: Thread Group 1-3
2025-10-06 09:35:28,692 INFO o.a.j.u.SSLManager: JmeterKeyStore Location:  type JKS
2025-10-06 09:35:28,700 INFO o.a.j.u.SSLManager: KeyStore created OK
2025-10-06 09:35:28,700 WARN o.a.j.u.SSLManager: Keystore file not found, loading empty keystore
2025-10-06 09:35:28,751 INFO o.a.j.t.JMeterThread: Thread started: Thread Group 1-4
2025-10-06 09:35:29,065 INFO o.a.j.t.JMeterThread: Thread started: Thread Group 1-5
2025-10-06 09:35:29,353 INFO o.a.j.t.JMeterThread: Thread started: Thread Group 1-6
2025-10-06 09:35:29,652 INFO o.a.j.t.JMeterThread: Thread started: Thread Group 1-7
2025-10-06 09:35:29,684 INFO o.a.j.t.JMeterThread: Thread is done: Thread Group 1-2
2025-10-06 09:35:29,685 INFO o.a.j.t.JMeterThread: Thread finished: Thread Group 1-2
2025-10-06 09:35:29,693 INFO o.a.j.t.JMeterThread: Thread is done: Thread Group 1-4
2025-10-06 09:35:29,693 INFO o.a.j.t.JMeterThread: Thread is done: Thread Group 1-3
2025-10-06 09:35:29,694 INFO o.a.j.t.JMeterThread: Thread finished: Thread Group 1-4
2025-10-06 09:35:29,694 INFO o.a.j.t.JMeterThread: Thread finished: Thread Group 1-3
2025-10-06 09:35:29,700 INFO o.a.j.t.JMeterThread: Thread is done: Thread Group 1-1
2025-10-06 09:35:29,700 INFO o.a.j.t.JMeterThread: Thread finished: Thread Group 1-1
2025-10-06 09:35:29,715 INFO o.a.j.t.JMeterThread: Thread is done: Thread Group 1-5
2025-10-06 09:35:29,715 INFO o.a.j.t.JMeterThread: Thread finished: Thread Group 1-5
2025-10-06 09:35:29,952 INFO o.a.j.t.JMeterThread: Thread started: Thread Group 1-8
2025-10-06 09:35:29,979 INFO o.a.j.t.JMeterThread: Thread is done: Thread Group 1-6
2025-10-06 09:35:29,979 INFO o.a.j.t.JMeterThread: Thread finished: Thread Group 1-6
2025-10-06 09:35:30,022 INFO o.a.j.r.Summariser: summary +     25 in 00:00:02 =   11.3/s Avg:   276 Min:    76 Max:  1363 Err:    25 (100.00%) Active: 2 Started: 8 Finished: 6
2025-10-06 09:35:30,250 INFO o.a.j.t.JMeterThread: Thread started: Thread Group 1-9
2025-10-06 09:35:30,298 INFO o.a.j.t.JMeterThread: Thread is done: Thread Group 1-7
2025-10-06 09:35:30,298 INFO o.a.j.t.JMeterThread: Thread finished: Thread Group 1-7
2025-10-06 09:35:30,550 INFO o.a.j.t.JMeterThread: Thread started: Thread Group 1-10
2025-10-06 09:35:30,583 INFO o.a.j.t.JMeterThread: Thread is done: Thread Group 1-8
2025-10-06 09:35:30,584 INFO o.a.j.t.JMeterThread: Thread finished: Thread Group 1-8
2025-10-06 09:35:30,854 INFO o.a.j.t.JMeterThread: Thread started: Thread Group 1-11
2025-10-06 09:35:30,893 INFO o.a.j.t.JMeterThread: Thread is done: Thread Group 1-9
2025-10-06 09:35:30,894 INFO o.a.j.t.JMeterThread: Thread finished: Thread Group 1-9
2025-10-06 09:35:31,150 INFO o.a.j.t.JMeterThread: Thread started: Thread Group 1-12
2025-10-06 09:35:31,205 INFO o.a.j.t.JMeterThread: Thread is done: Thread Group 1-10
2025-10-06 09:35:31,206 INFO o.a.j.t.JMeterThread: Thread finished: Thread Group 1-10
2025-10-06 09:35:31,450 INFO o.a.j.t.JMeterThread: Thread started: Thread Group 1-13
2025-10-06 09:35:31,468 INFO o.a.j.t.JMeterThread: Thread is done: Thread Group 1-11
2025-10-06 09:35:31,469 INFO o.a.j.t.JMeterThread: Thread finished: Thread Group 1-11
2025-10-06 09:35:31,753 INFO o.a.j.t.JMeterThread: Thread started: Thread Group 1-14
2025-10-06 09:35:31,757 INFO o.a.j.t.JMeterThread: Thread is done: Thread Group 1-12
2025-10-06 09:35:31,758 INFO o.a.j.t.JMeterThread: Thread finished: Thread Group 1-12
2025-10-06 09:35:32,050 INFO o.a.j.t.JMeterThread: Thread started: Thread Group 1-15
2025-10-06 09:35:32,077 INFO o.a.j.t.JMeterThread: Thread is done: Thread Group 1-13
2025-10-06 09:35:32,077 INFO o.a.j.t.JMeterThread: Thread finished: Thread Group 1-13
2025-10-06 09:35:32,349 INFO o.a.j.t.JMeterThread: Thread started: Thread Group 1-16
2025-10-06 09:35:32,370 INFO o.a.j.t.JMeterThread: Thread is done: Thread Group 1-14
2025-10-06 09:35:32,370 INFO o.a.j.t.JMeterThread: Thread finished: Thread Group 1-14
2025-10-06 09:35:32,626 INFO o.a.j.t.JMeterThread: Thread is done: Thread Group 1-15
2025-10-06 09:35:32,626 INFO o.a.j.t.JMeterThread: Thread finished: Thread Group 1-15
2025-10-06 09:35:32,649 INFO o.a.j.t.JMeterThread: Thread started: Thread Group 1-17
2025-10-06 09:35:32,934 INFO o.a.j.t.JMeterThread: Thread is done: Thread Group 1-16
2025-10-06 09:35:32,934 INFO o.a.j.t.JMeterThread: Thread finished: Thread Group 1-16
2025-10-06 09:35:32,949 INFO o.a.j.t.JMeterThread: Thread started: Thread Group 1-18
2025-10-06 09:35:33,249 INFO o.a.j.t.JMeterThread: Thread started: Thread Group 1-19
2025-10-06 09:35:33,259 INFO o.a.j.t.JMeterThread: Thread is done: Thread Group 1-17
2025-10-06 09:35:33,259 INFO o.a.j.t.JMeterThread: Thread finished: Thread Group 1-17
2025-10-06 09:35:33,552 INFO o.a.j.t.JMeterThread: Thread started: Thread Group 1-20
2025-10-06 09:35:33,562 INFO o.a.j.t.JMeterThread: Thread is done: Thread Group 1-18
2025-10-06 09:35:33,562 INFO o.a.j.t.JMeterThread: Thread finished: Thread Group 1-18
2025-10-06 09:35:33,855 INFO o.a.j.t.JMeterThread: Thread started: Thread Group 1-21
2025-10-06 09:35:33,860 INFO o.a.j.t.JMeterThread: Thread is done: Thread Group 1-19
2025-10-06 09:35:33,860 INFO o.a.j.t.JMeterThread: Thread finished: Thread Group 1-19
2025-10-06 09:35:34,153 INFO o.a.j.t.JMeterThread: Thread started: Thread Group 1-22
2025-10-06 09:35:34,156 INFO o.a.j.t.JMeterThread: Thread is done: Thread Group 1-20
2025-10-06 09:35:34,157 INFO o.a.j.t.JMeterThread: Thread finished: Thread Group 1-20
2025-10-06 09:35:34,456 INFO o.a.j.t.JMeterThread: Thread started: Thread Group 1-23
2025-10-06 09:35:34,479 INFO o.a.j.t.JMeterThread: Thread is done: Thread Group 1-21
2025-10-06 09:35:34,479 INFO o.a.j.t.JMeterThread: Thread finished: Thread Group 1-21
2025-10-06 09:35:34,791 INFO o.a.j.t.JMeterThread: Thread started: Thread Group 1-24
2025-10-06 09:35:34,805 INFO o.a.j.t.JMeterThread: Thread is done: Thread Group 1-22
2025-10-06 09:35:34,806 INFO o.a.j.t.JMeterThread: Thread finished: Thread Group 1-22
2025-10-06 09:35:35,052 INFO o.a.j.t.JMeterThread: Thread started: Thread Group 1-25
2025-10-06 09:35:35,072 INFO o.a.j.t.JMeterThread: Thread is done: Thread Group 1-23
2025-10-06 09:35:35,072 INFO o.a.j.t.JMeterThread: Thread finished: Thread Group 1-23
2025-10-06 09:35:35,352 INFO o.a.j.t.JMeterThread: Thread started: Thread Group 1-26
2025-10-06 09:35:35,394 INFO o.a.j.t.JMeterThread: Thread is done: Thread Group 1-24
2025-10-06 09:35:35,394 INFO o.a.j.t.JMeterThread: Thread finished: Thread Group 1-24
2025-10-06 09:35:35,652 INFO o.a.j.t.JMeterThread: Thread started: Thread Group 1-27
2025-10-06 09:35:35,662 INFO o.a.j.t.JMeterThread: Thread is done: Thread Group 1-25
2025-10-06 09:35:35,662 INFO o.a.j.t.JMeterThread: Thread finished: Thread Group 1-25
2025-10-06 09:35:35,970 INFO o.a.j.t.JMeterThread: Thread is done: Thread Group 1-26
2025-10-06 09:35:35,971 INFO o.a.j.t.JMeterThread: Thread finished: Thread Group 1-26
2025-10-06 09:35:35,978 INFO o.a.j.t.JMeterThread: Thread started: Thread Group 1-28
2025-10-06 09:35:36,253 INFO o.a.j.t.JMeterThread: Thread started: Thread Group 1-29
2025-10-06 09:35:36,283 INFO o.a.j.t.JMeterThread: Thread is done: Thread Group 1-27
2025-10-06 09:35:36,283 INFO o.a.j.t.JMeterThread: Thread finished: Thread Group 1-27
2025-10-06 09:35:36,551 INFO o.a.j.t.JMeterThread: Thread started: Thread Group 1-30
2025-10-06 09:35:36,598 INFO o.a.j.t.JMeterThread: Thread is done: Thread Group 1-28
2025-10-06 09:35:36,598 INFO o.a.j.t.JMeterThread: Thread finished: Thread Group 1-28
2025-10-06 09:35:36,846 INFO o.a.j.t.JMeterThread: Thread is done: Thread Group 1-29
2025-10-06 09:35:36,846 INFO o.a.j.t.JMeterThread: Thread finished: Thread Group 1-29
2025-10-06 09:35:36,857 INFO o.a.j.t.JMeterThread: Thread started: Thread Group 1-31
2025-10-06 09:35:37,131 INFO o.a.j.t.JMeterThread: Thread is done: Thread Group 1-30
2025-10-06 09:35:37,131 INFO o.a.j.t.JMeterThread: Thread finished: Thread Group 1-30
2025-10-06 09:35:37,157 INFO o.a.j.t.JMeterThread: Thread started: Thread Group 1-32
2025-10-06 09:35:37,444 INFO o.a.j.t.JMeterThread: Thread is done: Thread Group 1-31
2025-10-06 09:35:37,444 INFO o.a.j.t.JMeterThread: Thread finished: Thread Group 1-31
2025-10-06 09:35:37,458 INFO o.a.j.t.JMeterThread: Thread started: Thread Group 1-33
2025-10-06 09:35:37,747 INFO o.a.j.t.JMeterThread: Thread is done: Thread Group 1-32
2025-10-06 09:35:37,747 INFO o.a.j.t.JMeterThread: Thread finished: Thread Group 1-32
2025-10-06 09:35:37,756 INFO o.a.j.t.JMeterThread: Thread started: Thread Group 1-34
2025-10-06 09:35:38,053 INFO o.a.j.t.JMeterThread: Thread started: Thread Group 1-35
2025-10-06 09:35:38,350 INFO o.a.j.t.JMeterThread: Thread started: Thread Group 1-36
2025-10-06 09:35:38,641 INFO o.a.j.t.JMeterThread: Thread is done: Thread Group 1-35
2025-10-06 09:35:38,641 INFO o.a.j.t.JMeterThread: Thread finished: Thread Group 1-35
2025-10-06 09:35:38,651 INFO o.a.j.t.JMeterThread: Thread started: Thread Group 1-37
2025-10-06 09:35:38,951 INFO o.a.j.t.JMeterThread: Thread started: Thread Group 1-38
2025-10-06 09:35:39,250 INFO o.a.j.t.JMeterThread: Thread started: Thread Group 1-39
2025-10-06 09:35:39,264 INFO o.a.j.t.JMeterThread: Thread is done: Thread Group 1-37
2025-10-06 09:35:39,264 INFO o.a.j.t.JMeterThread: Thread finished: Thread Group 1-37
2025-10-06 09:35:39,553 INFO o.a.j.t.JMeterThread: Thread started: Thread Group 1-40
2025-10-06 09:35:39,849 INFO o.a.j.t.JMeterThread: Thread is done: Thread Group 1-39
2025-10-06 09:35:39,849 INFO o.a.j.t.JMeterThread: Thread finished: Thread Group 1-39
2025-10-06 09:35:39,851 INFO o.a.j.t.JMeterThread: Thread started: Thread Group 1-41
2025-10-06 09:35:40,151 INFO o.a.j.t.JMeterThread: Thread started: Thread Group 1-42
2025-10-06 09:35:40,452 INFO o.a.j.t.JMeterThread: Thread started: Thread Group 1-43
2025-10-06 09:35:40,746 INFO o.a.j.t.JMeterThread: Thread is done: Thread Group 1-42
2025-10-06 09:35:40,746 INFO o.a.j.t.JMeterThread: Thread finished: Thread Group 1-42
2025-10-06 09:35:40,753 INFO o.a.j.t.JMeterThread: Thread started: Thread Group 1-44
2025-10-06 09:35:41,052 INFO o.a.j.t.JMeterThread: Thread started: Thread Group 1-45
2025-10-06 09:35:41,061 INFO o.a.j.t.JMeterThread: Thread is done: Thread Group 1-43
2025-10-06 09:35:41,061 INFO o.a.j.t.JMeterThread: Thread finished: Thread Group 1-43
2025-10-06 09:35:41,350 INFO o.a.j.t.JMeterThread: Thread started: Thread Group 1-46
2025-10-06 09:35:41,365 INFO o.a.j.t.JMeterThread: Thread is done: Thread Group 1-44
2025-10-06 09:35:41,365 INFO o.a.j.t.JMeterThread: Thread finished: Thread Group 1-44
2025-10-06 09:35:41,644 INFO o.a.j.t.JMeterThread: Thread is done: Thread Group 1-45
2025-10-06 09:35:41,644 INFO o.a.j.t.JMeterThread: Thread finished: Thread Group 1-45
2025-10-06 09:35:41,651 INFO o.a.j.t.JMeterThread: Thread started: Thread Group 1-47
2025-10-06 09:35:41,957 INFO o.a.j.t.JMeterThread: Thread started: Thread Group 1-48
2025-10-06 09:35:42,240 INFO o.a.j.t.JMeterThread: Thread is done: Thread Group 1-47
2025-10-06 09:35:42,240 INFO o.a.j.t.JMeterThread: Thread finished: Thread Group 1-47
2025-10-06 09:35:42,250 INFO o.a.j.t.JMeterThread: Thread started: Thread Group 1-49
2025-10-06 09:35:42,543 INFO o.a.j.t.JMeterThread: Thread is done: Thread Group 1-48
2025-10-06 09:35:42,543 INFO o.a.j.t.JMeterThread: Thread finished: Thread Group 1-48
2025-10-06 09:35:42,550 INFO o.a.j.t.JMeterThread: Thread started: Thread Group 1-50
2025-10-06 09:35:42,834 INFO o.a.j.t.JMeterThread: Thread is done: Thread Group 1-49
2025-10-06 09:35:42,834 INFO o.a.j.t.JMeterThread: Thread finished: Thread Group 1-49
2025-10-06 09:35:43,131 INFO o.a.j.t.JMeterThread: Thread is done: Thread Group 1-50
2025-10-06 09:35:43,131 INFO o.a.j.t.JMeterThread: Thread finished: Thread Group 1-50
2025-10-06 09:35:53,952 INFO o.a.j.t.JMeterThread: Thread is done: Thread Group 1-36
2025-10-06 09:35:53,952 INFO o.a.j.t.JMeterThread: Thread finished: Thread Group 1-36
2025-10-06 09:35:54,614 INFO o.a.j.t.JMeterThread: Thread is done: Thread Group 1-38
2025-10-06 09:35:54,615 INFO o.a.j.t.JMeterThread: Thread finished: Thread Group 1-38
2025-10-06 09:35:55,204 INFO o.a.j.t.JMeterThread: Thread is done: Thread Group 1-40
2025-10-06 09:35:55,204 INFO o.a.j.t.JMeterThread: Thread finished: Thread Group 1-40
2025-10-06 09:35:55,501 INFO o.a.j.t.JMeterThread: Thread is done: Thread Group 1-41
2025-10-06 09:35:55,501 INFO o.a.j.t.JMeterThread: Thread finished: Thread Group 1-41
2025-10-06 09:35:57,009 INFO o.a.j.t.JMeterThread: Thread is done: Thread Group 1-46
2025-10-06 09:35:57,009 INFO o.a.j.t.JMeterThread: Thread finished: Thread Group 1-46
2025-10-06 09:35:59,153 INFO o.a.j.t.JMeterThread: Thread is done: Thread Group 1-33
2025-10-06 09:35:59,153 INFO o.a.j.t.JMeterThread: Thread finished: Thread Group 1-33
2025-10-06 09:35:59,425 INFO o.a.j.t.JMeterThread: Thread is done: Thread Group 1-34
2025-10-06 09:35:59,425 INFO o.a.j.t.JMeterThread: Thread finished: Thread Group 1-34
2025-10-06 09:35:59,426 INFO o.a.j.e.StandardJMeterEngine: Notifying test listeners of end of test
2025-10-06 09:35:59,507 INFO o.a.j.r.Summariser: summary +    175 in 00:00:29 =    5.9/s Avg:   819 Min:    73 Max: 21420 Err:   175 (100.00%) Active: 0 Started: 50 Finished: 50
2025-10-06 09:35:59,568 INFO o.a.j.r.Summariser: summary =    200 in 00:00:32 =    6.3/s Avg:   751 Min:    73 Max: 21420 Err:   200 (100.00%)
2025-10-06 09:35:59,601 INFO o.a.j.JMeter: Generating Dashboard
2025-10-06 09:35:59,602 INFO o.a.j.r.d.ReportGenerator: Flushing result collector before report Generation
2025-10-06 09:35:59,628 INFO o.a.j.r.p.NormalizerSampleConsumer: Using format, 'ms', to parse timeStamp field
2025-10-06 09:36:00,411 INFO o.a.j.r.p.AbstractSampleConsumer: class org.apache.jmeter.report.processor.AggregateConsumer#stopProducing(): beginDate produced 0 samples
2025-10-06 09:36:00,411 INFO o.a.j.r.p.AbstractSampleConsumer: class org.apache.jmeter.report.processor.AggregateConsumer#stopProducing(): endDate produced 0 samples
2025-10-06 09:36:00,419 INFO o.a.j.r.p.AbstractSampleConsumer: class org.apache.jmeter.report.processor.ApdexSummaryConsumer#stopProducing(): apdexSummary produced 0 samples
2025-10-06 09:36:00,419 INFO o.a.j.r.p.AbstractSampleConsumer: class org.apache.jmeter.report.processor.RequestsSummaryConsumer#stopProducing(): requestsSummary produced 0 samples
2025-10-06 09:36:00,429 INFO o.a.j.r.p.AbstractSampleConsumer: class org.apache.jmeter.report.processor.StatisticsSummaryConsumer#stopProducing(): statisticsSummary produced 0 samples
2025-10-06 09:36:00,437 INFO o.a.j.r.p.AbstractSampleConsumer: class org.apache.jmeter.report.processor.Top5ErrorsBySamplerConsumer#stopProducing(): top5ErrorsBySampler produced 0 samples
2025-10-06 09:36:00,437 INFO o.a.j.r.p.AbstractSampleConsumer: class org.apache.jmeter.report.processor.ErrorsSummaryConsumer#stopProducing(): errorsSummary produced 0 samples
2025-10-06 09:36:00,438 INFO o.a.j.r.p.AbstractSampleConsumer: class org.apache.jmeter.report.processor.graph.impl.HitsPerSecondGraphConsumer#stopProducing(): hitsPerSecond produced 0 samples
2025-10-06 09:36:00,588 INFO o.a.j.r.p.AbstractSampleConsumer: class org.apache.jmeter.report.processor.graph.impl.LatencyVSRequestGraphConsumer#stopProducing(): latencyVsRequest produced 0 samples
2025-10-06 09:36:00,589 INFO o.a.j.r.p.AbstractSampleConsumer: class org.apache.jmeter.report.processor.graph.impl.SyntheticResponseTimeDistributionGraphConsumer#stopProducing(): syntheticResponseTimeDistribution produced 0 samples
2025-10-06 09:36:00,589 INFO o.a.j.r.p.AbstractSampleConsumer: class org.apache.jmeter.report.processor.graph.impl.BytesThroughputGraphConsumer#stopProducing(): bytesThroughputOverTime produced 0 samples
2025-10-06 09:36:00,590 INFO o.a.j.r.p.AbstractSampleConsumer: class org.apache.jmeter.report.processor.graph.impl.CodesPerSecondGraphConsumer#stopProducing(): codesPerSecond produced 0 samples
2025-10-06 09:36:00,819 INFO o.a.j.r.p.AbstractSampleConsumer: class org.apache.jmeter.report.processor.graph.impl.ResponseTimeVSRequestGraphConsumer#stopProducing(): responseTimeVsRequest produced 0 samples
2025-10-06 09:36:00,820 INFO o.a.j.r.p.AbstractSampleConsumer: class org.apache.jmeter.report.processor.FilterConsumer#stopProducing(): startIntervalControlerFilter produced 1400 samples
2025-10-06 09:36:00,820 INFO o.a.j.r.p.AbstractSampleConsumer: class org.apache.jmeter.report.processor.graph.impl.TotalTPSGraphConsumer#stopProducing(): totalTPS produced 0 samples
2025-10-06 09:36:00,821 INFO o.a.j.r.p.AbstractSampleConsumer: class org.apache.jmeter.report.processor.graph.impl.ActiveThreadsGraphConsumer#stopProducing(): activeThreadsOverTime produced 0 samples
2025-10-06 09:36:00,822 INFO o.a.j.r.p.AbstractSampleConsumer: class org.apache.jmeter.report.processor.graph.impl.TimeVSThreadGraphConsumer#stopProducing(): timeVsThreads produced 0 samples
2025-10-06 09:36:00,823 INFO o.a.j.r.p.AbstractSampleConsumer: class org.apache.jmeter.report.processor.graph.impl.ResponseTimeDistributionGraphConsumer#stopProducing(): responseTimeDistribution produced 0 samples
2025-10-06 09:36:00,823 INFO o.a.j.r.p.AbstractSampleConsumer: class org.apache.jmeter.report.processor.graph.impl.TransactionsPerSecondGraphConsumer#stopProducing(): transactionsPerSecond produced 0 samples
2025-10-06 09:36:00,825 INFO o.a.j.r.p.AbstractSampleConsumer: class org.apache.jmeter.report.processor.graph.impl.ResponseTimePercentilesGraphConsumer#stopProducing(): responseTimePercentiles produced 0 samples
2025-10-06 09:36:00,837 INFO o.a.j.r.p.AbstractSampleConsumer: class org.apache.jmeter.report.processor.graph.impl.ResponseTimePercentilesOverTimeGraphConsumer#stopProducing(): responseTimePercentilesOverTime produced 0 samples
2025-10-06 09:36:00,838 INFO o.a.j.r.p.AbstractSampleConsumer: class org.apache.jmeter.report.processor.graph.impl.ResponseTimeOverTimeGraphConsumer#stopProducing(): responseTimesOverTime produced 0 samples
2025-10-06 09:36:00,838 INFO o.a.j.r.p.AbstractSampleConsumer: class org.apache.jmeter.report.processor.graph.impl.ConnectTimeOverTimeGraphConsumer#stopProducing(): connectTimeOverTime produced 0 samples
2025-10-06 09:36:00,839 INFO o.a.j.r.p.AbstractSampleConsumer: class org.apache.jmeter.report.processor.graph.impl.LatencyOverTimeGraphConsumer#stopProducing(): latenciesOverTime produced 0 samples
2025-10-06 09:36:00,841 INFO o.a.j.r.p.AbstractSampleConsumer: class org.apache.jmeter.report.processor.FilterConsumer#stopProducing(): nameFilter produced 3000 samples
2025-10-06 09:36:00,841 INFO o.a.j.r.p.AbstractSampleConsumer: class org.apache.jmeter.report.processor.FilterConsumer#stopProducing(): dateRangeFilter produced 600 samples
2025-10-06 09:36:00,841 INFO o.a.j.r.p.AbstractSampleConsumer: class org.apache.jmeter.report.processor.NormalizerSampleConsumer#stopProducing(): normalizer produced 200 samples
2025-10-06 09:36:00,843 INFO o.a.j.r.p.CsvFileSampleSource: produce(): 200 samples produced in 1s 99 ms on channel 0
2025-10-06 09:36:00,843 INFO o.a.j.r.d.ReportGenerator: Exporting data using exporter:'json' of className:'org.apache.jmeter.report.dashboard.JsonExporter'
2025-10-06 09:36:01,370 INFO o.a.j.r.d.JsonExporter: Found data for consumer statisticsSummary in context
2025-10-06 09:36:01,370 INFO o.a.j.r.d.JsonExporter: Creating statistics for overall
2025-10-06 09:36:01,371 INFO o.a.j.r.d.JsonExporter: Creating statistics for other transactions
2025-10-06 09:36:01,372 INFO o.a.j.r.d.JsonExporter: Checking output folder
2025-10-06 09:36:01,374 INFO o.a.j.r.d.JsonExporter: Writing statistics JSON to C:\Users\BRIAN\Documents\PRUEBA AUTOMATIZADOR QA\JMETER\reporte_petstore\statistics.json
2025-10-06 09:36:01,502 INFO o.a.j.r.d.ReportGenerator: Exporting data using exporter:'html' of className:'org.apache.jmeter.report.dashboard.HtmlTemplateExporter'
2025-10-06 09:36:01,509 INFO o.a.j.r.d.HtmlTemplateExporter: Will generate dashboard in folder: C:\Users\BRIAN\Documents\PRUEBA AUTOMATIZADOR QA\JMETER\reporte_petstore
2025-10-06 09:36:01,894 INFO o.a.j.r.d.HtmlTemplateExporter: Report will be generated in: C:\Users\BRIAN\Documents\PRUEBA AUTOMATIZADOR QA\JMETER\reporte_petstore, creating folder structure
2025-10-06 09:36:01,915 INFO o.a.j.r.d.TemplateVisitor: Copying folder from 'C:\apache-jmeter-5.6.3\apache-jmeter-5.6.3\bin\report-template' to 'C:\Users\BRIAN\Documents\PRUEBA AUTOMATIZADOR QA\JMETER\reporte_petstore', got message: C:\Users\BRIAN\Documents\PRUEBA AUTOMATIZADOR QA\JMETER\reporte_petstore, found non empty folder with following content [C:\Users\BRIAN\Documents\PRUEBA AUTOMATIZADOR QA\JMETER\reporte_petstore\statistics.json], will be ignored
2025-10-06 09:36:07,087 INFO o.a.j.JMeter: Dashboard generated
